\BOOKMARK [0][-]{titulo.0}{P\341gina de T\355tulo}{}% 1
\BOOKMARK [0][-]{dedicatoria.0}{Dedicatoria}{}% 2
\BOOKMARK [0][-]{chapter*.1}{Agradecimientos}{}% 3
\BOOKMARK [0][-]{chapter*.2}{Resumen}{}% 4
\BOOKMARK [0][-]{indices.0}{\315ndices}{}% 5
\BOOKMARK [1][-]{tabla de contenidos.1}{Tabla de contenidos}{indices.0}% 6
\BOOKMARK [1][-]{indice de figuras.1}{\315ndice de figuras}{indices.0}% 7
\BOOKMARK [1][-]{indice de tablas.1}{\315ndice de tablas}{indices.0}% 8
\BOOKMARK [0][-]{chapter.1}{Introducci\363n a Santesmases GO}{}% 9
\BOOKMARK [1][-]{section.1.1}{Introducci\363n}{chapter.1}% 10
\BOOKMARK [1][-]{section.1.2}{Museo de inform\341tica Garc\355a-Santesmases}{chapter.1}% 11
\BOOKMARK [1][-]{section.1.3}{Objetivos y motivaci\363n}{chapter.1}% 12
\BOOKMARK [1][-]{section.1.4}{Antecedentes}{chapter.1}% 13
\BOOKMARK [1][-]{section.1.4}{Notas bibliogr\341ficas}{chapter.1}% 14
\BOOKMARK [1][-]{section.1.4}{En el pr\363ximo cap\355tulo}{chapter.1}% 15
\BOOKMARK [0][-]{chapter.2}{Estado del Arte}{}% 16
\BOOKMARK [1][-]{section.2.1}{La realidad aumentada}{chapter.2}% 17
\BOOKMARK [1][-]{section.2.2}{Alcance}{chapter.2}% 18
\BOOKMARK [1][-]{section.2.3}{Herramientas de desarrollo}{chapter.2}% 19
\BOOKMARK [1][-]{section.2.3}{Notas bibliogr\341ficas}{chapter.2}% 20
\BOOKMARK [1][-]{section.2.3}{En el pr\363ximo cap\355tulo}{chapter.2}% 21
\BOOKMARK [0][-]{chapter.3}{Realidad aumentada en museos}{}% 22
\BOOKMARK [1][-]{section.3.1}{Introducci\363n}{chapter.3}% 23
\BOOKMARK [1][-]{section.3.2}{El museo Garc\355a-Santesmases}{chapter.3}% 24
\BOOKMARK [1][-]{section.3.3}{Otros museos}{chapter.3}% 25
\BOOKMARK [1][-]{section.3.3}{Notas bibliogr\341ficas}{chapter.3}% 26
\BOOKMARK [1][-]{section.3.3}{En el pr\363ximo cap\355tulo}{chapter.3}% 27
\BOOKMARK [0][-]{chapter.4}{Dise\361o del videojuego}{}% 28
\BOOKMARK [1][-]{section.4.1}{Introducci\363n}{chapter.4}% 29
\BOOKMARK [1][-]{section.4.2}{Plan de trabajo}{chapter.4}% 30
\BOOKMARK [1][-]{section.4.3}{Otros aspectos}{chapter.4}% 31
\BOOKMARK [1][-]{section.4.4}{Conclusiones}{chapter.4}% 32
\BOOKMARK [1][-]{section.4.4}{Notas bibliogr\341ficas}{chapter.4}% 33
\BOOKMARK [1][-]{section.4.4}{En el pr\363ximo cap\355tulo}{chapter.4}% 34
\BOOKMARK [0][-]{chapter.5}{Space Invaders}{}% 35
\BOOKMARK [1][-]{section.5.1}{Historia}{chapter.5}% 36
\BOOKMARK [1][-]{section.5.2}{Nuestra versi\363n}{chapter.5}% 37
\BOOKMARK [1][-]{section.5.3}{Implementaci\363n}{chapter.5}% 38
\BOOKMARK [2][-]{subsection.5.3.1}{Dise\361o}{section.5.3}% 39
\BOOKMARK [2][-]{subsection.5.3.2}{Desarrollo}{section.5.3}% 40
\BOOKMARK [2][-]{subsection.5.3.3}{Conclusiones}{section.5.3}% 41
\BOOKMARK [1][-]{subsection.5.3.3}{Notas bibliogr\341ficas}{chapter.5}% 42
\BOOKMARK [0][-]{chapter.6}{Arkanoid}{}% 43
\BOOKMARK [1][-]{section.6.1}{Historia}{chapter.6}% 44
\BOOKMARK [1][-]{section.6.2}{Nuestra versi\363n}{chapter.6}% 45
\BOOKMARK [1][-]{section.6.3}{Implementaci\363n}{chapter.6}% 46
\BOOKMARK [1][-]{section.6.4}{Conclusiones}{chapter.6}% 47
\BOOKMARK [1][-]{section.6.4}{Notas bibliogr\341ficas}{chapter.6}% 48
\BOOKMARK [1][-]{section.6.4}{En el pr\363ximo cap\355tulo}{chapter.6}% 49
\BOOKMARK [0][-]{chapter.7}{Water Pipes}{}% 50
\BOOKMARK [1][-]{section.7.1}{Historia}{chapter.7}% 51
\BOOKMARK [1][-]{section.7.2}{Nuestra versi\363n}{chapter.7}% 52
\BOOKMARK [1][-]{section.7.3}{Implementaci\363n}{chapter.7}% 53
\BOOKMARK [1][-]{section.7.4}{Conclusiones}{chapter.7}% 54
\BOOKMARK [1][-]{section.7.4}{Notas bibliogr\341ficas}{chapter.7}% 55
\BOOKMARK [1][-]{section.7.4}{En el pr\363ximo cap\355tulo}{chapter.7}% 56
\BOOKMARK [0][-]{chapter.8}{Evaluaci\363n con usuarios}{}% 57
\BOOKMARK [1][-]{section.8.1}{Plan de evaluaci\363n}{chapter.8}% 58
\BOOKMARK [1][-]{section.8.2}{Descripci\363n de la metodolog\355a del an\341lisis de los datos}{chapter.8}% 59
\BOOKMARK [1][-]{section.8.3}{Primera evaluaci\363n con usuarios}{chapter.8}% 60
\BOOKMARK [1][-]{section.8.3}{Notas bibliogr\341ficas}{chapter.8}% 61
\BOOKMARK [1][-]{section.8.3}{En el pr\363ximo cap\355tulo}{chapter.8}% 62
\BOOKMARK [0][-]{chapter.9}{Conclusiones y trabajo futuro}{}% 63
\BOOKMARK [1][-]{section.9.1}{Conclusiones}{chapter.9}% 64
\BOOKMARK [1][-]{section.9.2}{L\355neas futuras}{chapter.9}% 65
\BOOKMARK [1][-]{section.9.2}{Notas bibliogr\341ficas}{chapter.9}% 66
\BOOKMARK [1][-]{section.9.2}{En el pr\363ximo cap\355tulo}{chapter.9}% 67
\BOOKMARK [0][-]{chapter.10}{Aportaciones individuales}{}% 68
\BOOKMARK [1][-]{section.10.1}{Organizaci\363n general del proyecto}{chapter.10}% 69
\BOOKMARK [1][-]{section.10.2}{Ra\372l Cobos}{chapter.10}% 70
\BOOKMARK [1][-]{section.10.3}{\301lvar D. Soler}{chapter.10}% 71
\BOOKMARK [1][-]{section.10.4}{Mar\355a Picado}{chapter.10}% 72
\BOOKMARK [1][-]{section.10.4}{Notas bibliogr\341ficas}{chapter.10}% 73
\BOOKMARK [1][-]{section.10.4}{En el pr\363ximo cap\355tulo}{chapter.10}% 74
\BOOKMARK [-1][-]{part.1}{I Ap\351ndices}{}% 75
\BOOKMARK [0][-]{appendix.Alph1}{As\355 se hizo...}{part.1}% 76
\BOOKMARK [1][-]{section.Alph1.1}{Introducci\363n}{appendix.Alph1}% 77
\BOOKMARK [0][-]{section.Alph1.1}{Lista de acr\363nimos}{part.1}% 78
\BOOKMARK [-1][-]{fin.-1}{Fin}{}% 79
